<?xml version="1.0" encoding="utf-8" standalone="no"?>
<!--This file represents the results of running a test suite-->
<test-results name="C:\Users\sternetj\Documents\GitHub\Raumschach\Raumschach\RaumschachTests\bin\Debug\RaumschachTests.dll" total="3" errors="0" failures="0" not-run="0" inconclusive="0" ignored="0" skipped="0" invalid="0" date="2013-03-21" time="17:57:03">
  <environment nunit-version="2.6.2.12296" clr-version="2.0.50727.5466" os-version="Microsoft Windows NT 6.1.7601 Service Pack 1" platform="Win32NT" cwd="C:\Program Files\NUnit 2.6.2\bin" machine-name="STERNETJ-1" user="sternetj" user-domain="STERNETJ-1" />
  <culture-info current-culture="en-US" current-uiculture="en-US" />
  <test-suite type="Assembly" name="C:\Users\sternetj\Documents\GitHub\Raumschach\Raumschach\RaumschachTests\bin\Debug\RaumschachTests.dll" executed="True" result="Success" success="True" time="0.070" asserts="0">
    <results>
      <test-suite type="Namespace" name="RaumschachTests" executed="True" result="Success" success="True" time="0.062" asserts="0">
        <results>
          <test-suite type="TestFixture" name="UnitTest1" executed="True" result="Success" success="True" time="0.060" asserts="0">
            <results>
              <test-case name="RaumschachTests.UnitTest1.movePieceFromNullToNull" executed="True" result="Success" success="True" time="0.048" asserts="3" />
              <test-case name="RaumschachTests.UnitTest1.movePieceToEmpty" executed="True" result="Success" success="True" time="0.001" asserts="2" />
              <test-case name="RaumschachTests.UnitTest1.testNewBoard" executed="True" result="Success" success="True" time="0.000" asserts="1" />
            </results>
          </test-suite>
        </results>
      </test-suite>
    </results>
  </test-suite>
</test-results>